Lucky 1006
Lucky 1015
Lucky 1024
Lucky 1033
Lucky 1042
Lucky 1051
Lucky 1060
Lucky 1069
Lucky 1078
Lucky 1087
Lucky 1096
Lucky 1105
Lucky 1114
Lucky 1123
Lucky 1132
Lucky 1141
Lucky 1150
Lucky 1159
Lucky 1168
Lucky 1177
Lucky 1186
Lucky 1195
Lucky 1204
Lucky 1213
Lucky 1222
Lucky 1231
Lucky 1240
Lucky 1249
Lucky 1258
Lucky 1267
Lucky 1276
Lucky 1285
Lucky 1294
Lucky 1303
Lucky 1312
Lucky 1321
Lucky 1330
Lucky 1339
Lucky 1348
Lucky 1357
Lucky 1366
Lucky 1375
Lucky 1384
Lucky 1393
Lucky 1402
Lucky 1411
Lucky 1420
Lucky 1429
Lucky 1438
Lucky 1447
Lucky 1456
Lucky 1465
Lucky 1474
Lucky 1483
Lucky 1492
Lucky 1501
Lucky 1510
Lucky 1519
Lucky 1528
Lucky 1537
Lucky 1546
Lucky 1555
Lucky 1564
Lucky 1573
Lucky 1582
Lucky 1591
Lucky 1600
Lucky 1609
Lucky 1618
Lucky 1627
Lucky 1636
Lucky 1645
Lucky 1654
Lucky 1663
Lucky 1672
Lucky 1681
Lucky 1690
Lucky 1699
Lucky 1708
Lucky 1717
Lucky 1726
Lucky 1735
Lucky 1744
Lucky 1753
Lucky 1762
Lucky 1771
Lucky 1780
Lucky 1789
Lucky 1798
Lucky 1807
Lucky 1816
Lucky 1825
Lucky 1834
Lucky 1843
Lucky 1852
Lucky 1861
Lucky 1870
Lucky 1879
Lucky 1888
Lucky 1897
Lucky 1906
Lucky 1915
Lucky 1924
Lucky 1933
Lucky 1942
Lucky 1951
Lucky 1960
Lucky 1969
Lucky 1978
Lucky 1987
Lucky 1996
Lucky 2005
Lucky 2014
Lucky 2023
Lucky 2032
Lucky 2041
Lucky 2050
Lucky 2059
Lucky 2068
Lucky 2077
Lucky 2086
Lucky 2095
Lucky 2104
Lucky 2113
Lucky 2122
Lucky 2131
Lucky 2140
Lucky 2149
Lucky 2158
Lucky 2167
Lucky 2176
Lucky 2185
Lucky 2194
Lucky 2203
Lucky 2212
Lucky 2221
Lucky 2230
Lucky 2239
Lucky 2248
Lucky 2257
Lucky 2266
Lucky 2275
Lucky 2284
Lucky 2293
Lucky 2302
Lucky 2311
Lucky 2320
Lucky 2329
Lucky 2338
Lucky 2347
Lucky 2356
Lucky 2365
Lucky 2374
Lucky 2383
Lucky 2392
Lucky 2401
Lucky 2410
Lucky 2419
Lucky 2428
Lucky 2437
Lucky 2446
Lucky 2455
Lucky 2464
Lucky 2473
Lucky 2482
Lucky 2491
Lucky 2500
Lucky 2509
Lucky 2518
Lucky 2527
Lucky 2536
Lucky 2545
Lucky 2554
Lucky 2563
Lucky 2572
Lucky 2581
Lucky 2590
Lucky 2599
Lucky 2608
Lucky 2617
Lucky 2626
Lucky 2635
Lucky 2644
Lucky 2653
Lucky 2662
Lucky 2671
Lucky 2680
Lucky 2689
Lucky 2698
Lucky 2707
Lucky 2716
Lucky 2725
Lucky 2734
Lucky 2743
Lucky 2752
Lucky 2761
Lucky 2770
Lucky 2779
Lucky 2788
Lucky 2797
Lucky 2806
Lucky 2815
Lucky 2824
Lucky 2833
Lucky 2842
Lucky 2851
Lucky 2860
Lucky 2869
Lucky 2878
Lucky 2887
Lucky 2896
Lucky 2905
Lucky 2914
Lucky 2923
Lucky 2932
Lucky 2941
Lucky 2950
Lucky 2959
Lucky 2968
Lucky 2977
Lucky 2986
Lucky 2995
Lucky 3004
Lucky 3013
Lucky 3022
Lucky 3031
Lucky 3040
Lucky 3049
Lucky 3058
Lucky 3067
Lucky 3076
Lucky 3085
Lucky 3094
Lucky 3103
Lucky 3112
Lucky 3121
Lucky 3130
Lucky 3139
Lucky 3148
Lucky 3157
Lucky 3166
Lucky 3175
Lucky 3184
Lucky 3193
Lucky 3202
Lucky 3211
Lucky 3220
Lucky 3229
Lucky 3238
Lucky 3247
Lucky 3256
Lucky 3265
Lucky 3274
Lucky 3283
Lucky 3292
Lucky 3301
Lucky 3310
Lucky 3319
Lucky 3328
Lucky 3337
Lucky 3346
Lucky 3355
Lucky 3364
Lucky 3373
Lucky 3382
Lucky 3391
Lucky 3400
Lucky 3409
Lucky 3418
Lucky 3427
Lucky 3436
Lucky 3445
Lucky 3454
Lucky 3463
Lucky 3472
Lucky 3481
Lucky 3490
Lucky 3499
Lucky 3508
Lucky 3517
Lucky 3526
Lucky 3535
Lucky 3544
Lucky 3553
Lucky 3562
Lucky 3571
Lucky 3580
Lucky 3589
Lucky 3598
Lucky 3607
Lucky 3616
Lucky 3625
Lucky 3634
Lucky 3643
Lucky 3652
Lucky 3661
Lucky 3670
Lucky 3679
Lucky 3688
Lucky 3697
Lucky 3706
Lucky 3715
Lucky 3724
Lucky 3733
Lucky 3742
Lucky 3751
Lucky 3760
Lucky 3769
Lucky 3778
Lucky 3787
Lucky 3796
Lucky 3805
Lucky 3814
Lucky 3823
Lucky 3832
Lucky 3841
Lucky 3850
Lucky 3859
Lucky 3868
Lucky 3877
Lucky 3886
Lucky 3895
Lucky 3904
Lucky 3913
Lucky 3922
Lucky 3931
Lucky 3940
Lucky 3949
Lucky 3958
Lucky 3967
Lucky 3976
Lucky 3985
Lucky 3994
Lucky 4003
Lucky 4012
Lucky 4021
Lucky 4030
Lucky 4039
Lucky 4048
Lucky 4057
Lucky 4066
Lucky 4075
Lucky 4084
Lucky 4093
Lucky 4102
Lucky 4111
Lucky 4120
Lucky 4129
Lucky 4138
Lucky 4147
Lucky 4156
Lucky 4165
Lucky 4174
Lucky 4183
Lucky 4192
Lucky 4201
Lucky 4210
Lucky 4219
Lucky 4228
Lucky 4237
Lucky 4246
Lucky 4255
Lucky 4264
Lucky 4273
Lucky 4282
Lucky 4291
Lucky 4300
Lucky 4309
Lucky 4318
Lucky 4327
Lucky 4336
Lucky 4345
Lucky 4354
Lucky 4363
Lucky 4372
Lucky 4381
Lucky 4390
Lucky 4399
Lucky 4408
Lucky 4417
Lucky 4426
Lucky 4435
Lucky 4444
Lucky 4453
Lucky 4462
Lucky 4471
Lucky 4480
Lucky 4489
Lucky 4498
Lucky 4507
Lucky 4516
Lucky 4525
Lucky 4534
Lucky 4543
Lucky 4552
Lucky 4561
Lucky 4570
Lucky 4579
Lucky 4588
Lucky 4597
Lucky 4606
Lucky 4615
Lucky 4624
Lucky 4633
Lucky 4642
Lucky 4651
Lucky 4660
Lucky 4669
Lucky 4678
Lucky 4687
Lucky 4696
Lucky 4705
Lucky 4714
Lucky 4723
Lucky 4732
Lucky 4741
Lucky 4750
Lucky 4759
Lucky 4768
Lucky 4777
Lucky 4786
Lucky 4795
Lucky 4804
Lucky 4813
Lucky 4822
Lucky 4831
Lucky 4840
Lucky 4849
Lucky 4858
Lucky 4867
Lucky 4876
Lucky 4885
Lucky 4894
Lucky 4903
Lucky 4912
Lucky 4921
Lucky 4930
Lucky 4939
Lucky 4948
Lucky 4957
Lucky 4966
Lucky 4975
Lucky 4984
Lucky 4993
Lucky 5002
Lucky 5011
Lucky 5020
Lucky 5029
Lucky 5038
Lucky 5047
Lucky 5056
Lucky 5065
Lucky 5074
Lucky 5083
Lucky 5092
Lucky 5101
Lucky 5110
Lucky 5119
Lucky 5128
Lucky 5137
Lucky 5146
Lucky 5155
Lucky 5164
Lucky 5173
Lucky 5182
Lucky 5191
Lucky 5200
Lucky 5209
Lucky 5218
Lucky 5227
Lucky 5236
Lucky 5245
Lucky 5254
Lucky 5263
Lucky 5272
Lucky 5281
Lucky 5290
Lucky 5299
Lucky 5308
Lucky 5317
Lucky 5326
Lucky 5335
Lucky 5344
Lucky 5353
Lucky 5362
Lucky 5371
Lucky 5380
Lucky 5389
Lucky 5398
Lucky 5407
Lucky 5416
Lucky 5425
Lucky 5434
Lucky 5443
Lucky 5452
Lucky 5461
Lucky 5470
Lucky 5479
Lucky 5488
Lucky 5497
Lucky 5506
Lucky 5515
Lucky 5524
Lucky 5533
Lucky 5542
Lucky 5551
Lucky 5560
Lucky 5569
Lucky 5578
Lucky 5587
Lucky 5596
Lucky 5605
Lucky 5614
Lucky 5623
Lucky 5632
Lucky 5641
Lucky 5650
Lucky 5659
Lucky 5668
Lucky 5677
Lucky 5686
Lucky 5695
Lucky 5704
Lucky 5713
Lucky 5722
Lucky 5731
Lucky 5740
Lucky 5749
Lucky 5758
Lucky 5767
Lucky 5776
Lucky 5785
Lucky 5794
Lucky 5803
Lucky 5812
Lucky 5821
Lucky 5830
Lucky 5839
Lucky 5848
Lucky 5857
Lucky 5866
Lucky 5875
Lucky 5884
Lucky 5893
Lucky 5902
Lucky 5911
Lucky 5920
Lucky 5929
Lucky 5938
Lucky 5947
Lucky 5956
Lucky 5965
Lucky 5974
Lucky 5983
Lucky 5992
Lucky 6001
Lucky 6010
Lucky 6019
Lucky 6028
Lucky 6037
Lucky 6046
Lucky 6055
Lucky 6064
Lucky 6073
Lucky 6082
Lucky 6091
Lucky 6100
Lucky 6109
Lucky 6118
Lucky 6127
Lucky 6136
Lucky 6145
Lucky 6154
Lucky 6163
Lucky 6172
Lucky 6181
Lucky 6190
Lucky 6199
Lucky 6208
Lucky 6217
Lucky 6226
Lucky 6235
Lucky 6244
Lucky 6253
Lucky 6262
Lucky 6271
Lucky 6280
Lucky 6289
Lucky 6298
Lucky 6307
Lucky 6316
Lucky 6325
Lucky 6334
Lucky 6343
Lucky 6352
Lucky 6361
Lucky 6370
Lucky 6379
Lucky 6388
Lucky 6397
Lucky 6406
Lucky 6415
Lucky 6424
Lucky 6433
Lucky 6442
Lucky 6451
Lucky 6460
Lucky 6469
Lucky 6478
Lucky 6487
Lucky 6496
Lucky 6505
Lucky 6514
Lucky 6523
Lucky 6532
Lucky 6541
Lucky 6550
Lucky 6559
Lucky 6568
Lucky 6577
Lucky 6586
Lucky 6595
Lucky 6604
Lucky 6613
Lucky 6622
Lucky 6631
Lucky 6640
Lucky 6649
Lucky 6658
Lucky 6667
Lucky 6676
Lucky 6685
Lucky 6694
Lucky 6703
Lucky 6712
Lucky 6721
Lucky 6730
Lucky 6739
Lucky 6748
Lucky 6757
Lucky 6766
Lucky 6775
Lucky 6784
Lucky 6793
Lucky 6802
Lucky 6811
Lucky 6820
Lucky 6829
Lucky 6838
Lucky 6847
Lucky 6856
Lucky 6865
Lucky 6874
Lucky 6883
Lucky 6892
Lucky 6901
Lucky 6910
Lucky 6919
Lucky 6928
Lucky 6937
Lucky 6946
Lucky 6955
Lucky 6964
Lucky 6973
Lucky 6982
Lucky 6991
Lucky 7000
Lucky 7009
Lucky 7018
Lucky 7027
Lucky 7036
Lucky 7045
Lucky 7054
Lucky 7063
Lucky 7072
Lucky 7081
Lucky 7090
Lucky 7099
Lucky 7108
Lucky 7117
Lucky 7126
Lucky 7135
Lucky 7144
Lucky 7153
Lucky 7162
Lucky 7171
Lucky 7180
Lucky 7189
Lucky 7198
Lucky 7207
Lucky 7216
Lucky 7225
Lucky 7234
Lucky 7243
Lucky 7252
Lucky 7261
Lucky 7270
Lucky 7279
Lucky 7288
Lucky 7297
Lucky 7306
Lucky 7315
Lucky 7324
Lucky 7333
Lucky 7342
Lucky 7351
Lucky 7360
Lucky 7369
Lucky 7378
Lucky 7387
Lucky 7396
Lucky 7405
Lucky 7414
Lucky 7423
Lucky 7432
Lucky 7441
Lucky 7450
Lucky 7459
Lucky 7468
Lucky 7477
Lucky 7486
Lucky 7495
Lucky 7504
Lucky 7513
Lucky 7522
Lucky 7531
Lucky 7540
Lucky 7549
Lucky 7558
Lucky 7567
Lucky 7576
Lucky 7585
Lucky 7594
Lucky 7603
Lucky 7612
Lucky 7621
Lucky 7630
Lucky 7639
Lucky 7648
Lucky 7657
Lucky 7666
Lucky 7675
Lucky 7684
Lucky 7693
Lucky 7702
Lucky 7711
Lucky 7720
Lucky 7729
Lucky 7738
Lucky 7747
Lucky 7756
Lucky 7765
Lucky 7774
Lucky 7783
Lucky 7792
Lucky 7801
Lucky 7810
Lucky 7819
Lucky 7828
Lucky 7837
Lucky 7846
Lucky 7855
Lucky 7864
Lucky 7873
Lucky 7882
Lucky 7891
Lucky 7900
Lucky 7909
Lucky 7918
Lucky 7927
Lucky 7936
Lucky 7945
Lucky 7954
Lucky 7963
Lucky 7972
Lucky 7981
Lucky 7990
Lucky 7999
Lucky 8008
Lucky 8017
Lucky 8026
Lucky 8035
Lucky 8044
Lucky 8053
Lucky 8062
Lucky 8071
Lucky 8080
Lucky 8089
Lucky 8098
Lucky 8107
Lucky 8116
Lucky 8125
Lucky 8134
Lucky 8143
Lucky 8152
Lucky 8161
Lucky 8170
Lucky 8179
Lucky 8188
Lucky 8197
Lucky 8206
Lucky 8215
Lucky 8224
Lucky 8233
Lucky 8242
Lucky 8251
Lucky 8260
Lucky 8269
Lucky 8278
Lucky 8287
Lucky 8296
Lucky 8305
Lucky 8314
Lucky 8323
Lucky 8332
Lucky 8341
Lucky 8350
Lucky 8359
Lucky 8368
Lucky 8377
Lucky 8386
Lucky 8395
Lucky 8404
Lucky 8413
Lucky 8422
Lucky 8431
Lucky 8440
Lucky 8449
Lucky 8458
Lucky 8467
Lucky 8476
Lucky 8485
Lucky 8494
Lucky 8503
Lucky 8512
Lucky 8521
Lucky 8530
Lucky 8539
Lucky 8548
Lucky 8557
Lucky 8566
Lucky 8575
Lucky 8584
Lucky 8593
Lucky 8602
Lucky 8611
Lucky 8620
Lucky 8629
Lucky 8638
Lucky 8647
Lucky 8656
Lucky 8665
Lucky 8674
Lucky 8683
Lucky 8692
Lucky 8701
Lucky 8710
Lucky 8719
Lucky 8728
Lucky 8737
Lucky 8746
Lucky 8755
Lucky 8764
Lucky 8773
Lucky 8782
Lucky 8791
Lucky 8800
Lucky 8809
Lucky 8818
Lucky 8827
Lucky 8836
Lucky 8845
Lucky 8854
Lucky 8863
Lucky 8872
Lucky 8881
Lucky 8890
Lucky 8899
Lucky 8908
Lucky 8917
Lucky 8926
Lucky 8935
Lucky 8944
Lucky 8953
Lucky 8962
Lucky 8971
Lucky 8980
Lucky 8989
Lucky 8998
Lucky 9007
Lucky 9016
Lucky 9025
Lucky 9034
Lucky 9043
Lucky 9052
Lucky 9061
Lucky 9070
Lucky 9079
Lucky 9088
Lucky 9097
Lucky 9106
Lucky 9115
Lucky 9124
Lucky 9133
Lucky 9142
Lucky 9151
Lucky 9160
Lucky 9169
Lucky 9178
Lucky 9187
Lucky 9196
Lucky 9205
Lucky 9214
Lucky 9223
Lucky 9232
Lucky 9241
Lucky 9250
Lucky 9259
Lucky 9268
Lucky 9277
Lucky 9286
Lucky 9295
Lucky 9304
Lucky 9313
Lucky 9322
Lucky 9331
Lucky 9340
Lucky 9349
Lucky 9358
Lucky 9367
Lucky 9376
Lucky 9385
Lucky 9394
Lucky 9403
Lucky 9412
Lucky 9421
Lucky 9430
Lucky 9439
Lucky 9448
Lucky 9457
Lucky 9466
Lucky 9475
Lucky 9484
Lucky 9493
Lucky 9502
Lucky 9511
Lucky 9520
Lucky 9529
Lucky 9538
Lucky 9547
Lucky 9556
Lucky 9565
Lucky 9574
Lucky 9583
Lucky 9592
Lucky 9601
Lucky 9610
Lucky 9619
Lucky 9628
Lucky 9637
Lucky 9646
Lucky 9655
Lucky 9664
Lucky 9673
Lucky 9682
Lucky 9691
Lucky 9700
Lucky 9709
Lucky 9718
Lucky 9727
Lucky 9736
Lucky 9745
Lucky 9754
Lucky 9763
Lucky 9772
Lucky 9781
Lucky 9790
Lucky 9799
Lucky 9808
Lucky 9817
Lucky 9826
Lucky 9835
Lucky 9844
Lucky 9853
Lucky 9862
Lucky 9871
Lucky 9880
Lucky 9889
Lucky 9898
Lucky 9907
Lucky 9916
Lucky 9925
Lucky 9934
Lucky 9943
Lucky 9952
Lucky 9961
Lucky 9970
Lucky 9979
Lucky 9988
Lucky 9997
1000
